Arguments: 
  /Users/vicentegonzalez/Library/Application Support/fnm/node-versions/v18.12.0/installation/bin/node /opt/homebrew/Cellar/yarn/1.22.19/libexec/bin/yarn.js add typescirpt

PATH: 
  /Users/vicentegonzalez/Library/Caches/fnm_multishells/60488_1687142168282/bin:/Users/vicentegonzalez/Library/Application Support/fnm:/Users/vicentegonzalez/opt/anaconda3/bin:/Users/vicentegonzalez/opt/anaconda3/condabin:/opt/homebrew/bin:/opt/homebrew/sbin:/Library/Frameworks/Python.framework/Versions/3.7/bin:/usr/local/bin:/usr/bin:/bin:/usr/sbin:/sbin:/Applications/Postgres.app/Contents/Versions/latest/bin:/Users/vicentegonzalez/.fig/bin:/Users/vicentegonzalez/.local/bin

Yarn version: 
  1.22.19

Node version: 
  18.12.0

Platform: 
  darwin arm64

Trace: 
  Error: https://registry.yarnpkg.com/typescirpt: Not found
      at params.callback [as _callback] (/opt/homebrew/Cellar/yarn/1.22.19/libexec/lib/cli.js:66145:18)
      at self.callback (/opt/homebrew/Cellar/yarn/1.22.19/libexec/lib/cli.js:140890:22)
      at Request.emit (node:events:513:28)
      at Request.<anonymous> (/opt/homebrew/Cellar/yarn/1.22.19/libexec/lib/cli.js:141862:10)
      at Request.emit (node:events:513:28)
      at IncomingMessage.<anonymous> (/opt/homebrew/Cellar/yarn/1.22.19/libexec/lib/cli.js:141784:12)
      at Object.onceWrapper (node:events:627:28)
      at IncomingMessage.emit (node:events:525:35)
      at endReadableNT (node:internal/streams/readable:1359:12)
      at process.processTicksAndRejections (node:internal/process/task_queues:82:21)

npm manifest: 
  {
    "name": "use-calendar",
    "version": "1.0.0",
    "main": "index.ts",
    "license": "MIT"
  }

yarn manifest: 
  No manifest

Lockfile: 
  No lockfile
